2021-11-17 22:03:55.378  INFO 10756 --- [main] t.e.spring.EntrepriseServiceImplTest     : Starting EntrepriseServiceImplTest on Ahmed with PID 10756 (started by Ahmed in C:\Users\Ahmed\IdeaProjects\TimeSheet)
2021-11-17 22:03:55.506  INFO 10756 --- [main] t.e.spring.EntrepriseServiceImplTest     : No active profile set, falling back to default profiles: default
2021-11-17 22:03:59.670  INFO 10756 --- [main] .s.d.r.c.RepositoryConfigurationDelegate : Bootstrapping Spring Data repositories in DEFAULT mode.
2021-11-17 22:03:59.925  INFO 10756 --- [main] .s.d.r.c.RepositoryConfigurationDelegate : Finished Spring Data repository scanning in 237ms. Found 6 repository interfaces.
2021-11-17 22:04:00.716  INFO 10756 --- [main] trationDelegate$BeanPostProcessorChecker : Bean 'org.springframework.transaction.annotation.ProxyTransactionManagementConfiguration' of type [org.springframework.transaction.annotation.ProxyTransactionManagementConfiguration$$EnhancerBySpringCGLIB$$54648c5d] is not eligible for getting processed by all BeanPostProcessors (for example: not eligible for auto-proxying)
2021-11-17 22:04:01.659  INFO 10756 --- [main] com.zaxxer.hikari.HikariDataSource       : HikariPool-1 - Starting...
2021-11-17 22:04:04.439  INFO 10756 --- [main] com.zaxxer.hikari.HikariDataSource       : HikariPool-1 - Start completed.
2021-11-17 22:04:05.042  INFO 10756 --- [main] o.hibernate.jpa.internal.util.LogHelper  : HHH000204: Processing PersistenceUnitInfo [
	name: default
	...]
2021-11-17 22:04:05.472  INFO 10756 --- [main] org.hibernate.Version                    : HHH000412: Hibernate Core {5.3.9.Final}
2021-11-17 22:04:05.474  INFO 10756 --- [main] org.hibernate.cfg.Environment            : HHH000206: hibernate.properties not found
2021-11-17 22:04:07.100  INFO 10756 --- [main] o.hibernate.annotations.common.Version   : HCANN000001: Hibernate Commons Annotations {5.0.4.Final}
2021-11-17 22:04:07.955  INFO 10756 --- [main] org.hibernate.dialect.Dialect            : HHH000400: Using dialect: org.hibernate.dialect.MySQL5Dialect
2021-11-17 22:04:14.059  INFO 10756 --- [main] j.LocalContainerEntityManagerFactoryBean : Initialized JPA EntityManagerFactory for persistence unit 'default'
2021-11-17 22:04:14.984  INFO 10756 --- [main] o.h.h.i.QueryTranslatorFactoryInitiator  : HHH000397: Using ASTQueryTranslatorFactory
2021-11-17 22:04:17.434  INFO 10756 --- [main] o.s.s.concurrent.ThreadPoolTaskExecutor  : Initializing ExecutorService 'applicationTaskExecutor'
2021-11-17 22:04:17.995  WARN 10756 --- [main] aWebConfiguration$JpaWebMvcConfiguration : spring.jpa.open-in-view is enabled by default. Therefore, database queries may be performed during view rendering. Explicitly configure spring.jpa.open-in-view to disable this warning
2021-11-17 22:04:18.992  INFO 10756 --- [main] t.e.spring.EntrepriseServiceImplTest     : Started EntrepriseServiceImplTest in 27.716 seconds (JVM running for 32.88)
2021-11-17 22:04:19.884  INFO 10756 --- [main] t.e.spring.TimesheetServiceImplTest      : departement ajouté 51
2021-11-17 22:04:20.348  INFO 10756 --- [main] t.e.spring.TimesheetServiceImplTest      : Entreprise deleted successfully
2021-11-17 22:04:20.355  INFO 10756 --- [main] t.e.spring.TimesheetServiceImplTest      : entreprise ajouté 69
2021-11-17 22:04:20.400  INFO 10756 --- [main] t.e.spring.TimesheetServiceImplTest      : Department Affected Successfully
2021-11-17 22:04:20.412  INFO 10756 --- [Thread-2] o.s.s.concurrent.ThreadPoolTaskExecutor  : Shutting down ExecutorService 'applicationTaskExecutor'
2021-11-17 22:04:20.415  INFO 10756 --- [Thread-2] j.LocalContainerEntityManagerFactoryBean : Closing JPA EntityManagerFactory for persistence unit 'default'
2021-11-17 22:04:20.419  INFO 10756 --- [Thread-2] com.zaxxer.hikari.HikariDataSource       : HikariPool-1 - Shutdown initiated...
2021-11-17 22:04:20.476  INFO 10756 --- [Thread-2] com.zaxxer.hikari.HikariDataSource       : HikariPool-1 - Shutdown completed.
